URL: http://citizen-cms.uat.my/api/product_search.php?api_login=citizenweb&api_key=4b1835ee5a1f46a4e0c3d2148129990b&product_category_id=272563&security_level=0&page_no=4&objects_per_page=10&lang_id=1&include_sub_category=Y&product_custom_int_1=1&order_by_object_link_order_id=asc&return_product_category_list=Y
Time used: 0.53418016433716
INSERT INTO api_stats 	SET			site_id = '206', 				filename = '/var/www/apps/citizen/cms_citizen/web/api/product_search.php', 				remark = '', 				counter = 1 	ON DUPLICATE KEY UPDATE counter = counter + 1

URL: http://citizen-cms.uat.my/api/product_category_info.php?api_login=citizenweb&api_key=4b1835ee5a1f46a4e0c3d2148129990b&link_id=212356&max_depth=3&page_no=1&products_per_page=0&security_level=0&lang_id=2&currency_id=15&category_order_by=order_id&category_order_type=ASC&include_product_details=N&include_product_brand_details=N
Time used: 0.5707380771637
INSERT INTO api_stats 	SET			site_id = '206', 				filename = '/var/www/apps/citizen/cms_citizen/web/api/product_category_info.php', 				remark = '', 				counter = 1 	ON DUPLICATE KEY UPDATE counter = counter + 1

URL: http://citizen-cms.uat.my/api/product_category_info.php?api_login=citizenweb&api_key=4b1835ee5a1f46a4e0c3d2148129990b&link_id=212356&max_depth=3&page_no=1&products_per_page=0&security_level=0&lang_id=1&currency_id=15&category_order_by=order_id&category_order_type=ASC&include_product_details=N&include_product_brand_details=N
Time used: 0.70213603973389
INSERT INTO api_stats 	SET			site_id = '206', 				filename = '/var/www/apps/citizen/cms_citizen/web/api/product_category_info.php', 				remark = '', 				counter = 1 	ON DUPLICATE KEY UPDATE counter = counter + 1

URL: http://citizen-cms.uat.my/api/product_get_info.php?api_login=citizenweb&api_key=4b1835ee5a1f46a4e0c3d2148129990b&link_id=219487&lang_id=1&currency_id=14
Time used: 0.5482759475708
INSERT INTO api_stats 	SET			site_id = '206', 				filename = '/var/www/apps/citizen/cms_citizen/web/api/product_get_info.php', 				remark = '', 				counter = 1 	ON DUPLICATE KEY UPDATE counter = counter + 1

URL: http://citizen-cms.uat.my/api/product_category_info.php?api_login=citizenweb&api_key=4b1835ee5a1f46a4e0c3d2148129990b&link_id=212356&max_depth=3&page_no=1&products_per_page=0&security_level=0&lang_id=1&currency_id=15&category_order_by=order_id&category_order_type=ASC&include_product_details=N&include_product_brand_details=N
Time used: 0.60504102706909
INSERT INTO api_stats 	SET			site_id = '206', 				filename = '/var/www/apps/citizen/cms_citizen/web/api/product_category_info.php', 				remark = '', 				counter = 1 	ON DUPLICATE KEY UPDATE counter = counter + 1

URL: http://citizen-cms.uat.my/api/product_get_info.php?api_login=citizenweb&api_key=4b1835ee5a1f46a4e0c3d2148129990b&link_id=219223&lang_id=1&currency_id=14
Time used: 0.67523598670959
INSERT INTO api_stats 	SET			site_id = '206', 				filename = '/var/www/apps/citizen/cms_citizen/web/api/product_get_info.php', 				remark = '', 				counter = 1 	ON DUPLICATE KEY UPDATE counter = counter + 1

URL: http://citizen-cms.uat.my/api/product_get_info.php?api_login=citizenweb&api_key=4b1835ee5a1f46a4e0c3d2148129990b&link_id=214676&lang_id=1&currency_id=14
Time used: 1.0848679542542
INSERT INTO api_stats 	SET			site_id = '206', 				filename = '/var/www/apps/citizen/cms_citizen/web/api/product_get_info.php', 				remark = '', 				counter = 1 	ON DUPLICATE KEY UPDATE counter = counter + 1

URL: http://citizen-cms.uat.my/myadmin/product_edit_act.php
Time used: 0.61198019981384
INSERT INTO	callback_log 	SET		id_1				= 	NULL, 			id_2				= 	NULL, 			id_3				= 	NULL, 			string_1			= 	'Empty Cache', 			string_2			= 	'NULL', 			string_3			= 	'NULL', 			callback_result		= 	'Cache is cleaned', 			callback_datetime	= 	'2017-04-13 11:22:52', 			callback_hard_fail	=	'N', 			site_id				=	'206'

